;  LST file generated by mikroListExporter - v.2.0 
; Date/Time: 23/03/2018 10:39:30
;----------------------------------------------

;Address Opcode 	ASM
0x0000	0x2803      	GOTO       3
_main:
;Aula004.c,2 :: 		void main()
;Aula004.c,4 :: 		ANSEL = 0x00;      //Desliga portas analógicas
0x0003	0x1683      	BSF        STATUS, 5
0x0004	0x019F      	CLRF       ANSEL
;Aula004.c,5 :: 		CMCON = 7;         //Desliga os comparadores
0x0005	0x3007      	MOVLW      7
0x0006	0x1283      	BCF        STATUS, 5
0x0007	0x0099      	MOVWF      CMCON
;Aula004.c,8 :: 		TRISIO4_bit = 1;
0x0008	0x1683      	BSF        STATUS, 5
0x0009	0x1605      	BSF        TRISIO4_bit, BitPos(TRISIO4_bit+0)
;Aula004.c,9 :: 		TRISIO5_bit = 0;
0x000A	0x1285      	BCF        TRISIO5_bit, BitPos(TRISIO5_bit+0)
;Aula004.c,11 :: 		GPIO = 0;
0x000B	0x1283      	BCF        STATUS, 5
0x000C	0x0185      	CLRF       GPIO
;Aula004.c,13 :: 		while(1)
L_main0:
;Aula004.c,15 :: 		if(GPIO.F4 ==1)
0x000D	0x1E05      	BTFSS      GPIO, 4
0x000E	0x281F      	GOTO       L_main2
;Aula004.c,17 :: 		GPIO.F5 = 1;
0x000F	0x1685      	BSF        GPIO, 5
;Aula004.c,18 :: 		delay_ms(2000);
0x0010	0x300B      	MOVLW      11
0x0011	0x00DB      	MOVWF      R11
0x0012	0x3026      	MOVLW      38
0x0013	0x00DC      	MOVWF      R12
0x0014	0x305D      	MOVLW      93
0x0015	0x00DD      	MOVWF      R13
L_main3:
0x0016	0x0BDD      	DECFSZ     R13, 1
0x0017	0x2816      	GOTO       L_main3
0x0018	0x0BDC      	DECFSZ     R12, 1
0x0019	0x2816      	GOTO       L_main3
0x001A	0x0BDB      	DECFSZ     R11, 1
0x001B	0x2816      	GOTO       L_main3
0x001C	0x0000      	NOP
0x001D	0x0000      	NOP
;Aula004.c,19 :: 		}
0x001E	0x2820      	GOTO       L_main4
L_main2:
;Aula004.c,22 :: 		GPIO.F5 = 0;
0x001F	0x1285      	BCF        GPIO, 5
;Aula004.c,23 :: 		}
L_main4:
;Aula004.c,24 :: 		}
0x0020	0x280D      	GOTO       L_main0
;Aula004.c,25 :: 		}
L_end_main:
0x0021	0x2821      	GOTO       $+0
; end of _main
Symbol List:
//** Routines locations **
//ADDRESS    SIZE    PROCEDURE
//----------------------------------------------
0x0003      [31]    _main
//** Variables locations ** 
//ADDRESS    SIZE    VARIABLE
//----------------------------------------------
0x0000       [1]    INDF
0x0003       [1]    STATUS
0x0004       [1]    FSR
0x0005       [1]    GPIO
0x000A       [1]    PCLATH
0x0019       [1]    CMCON
0x0020       [2]    ___DoICPAddr
0x0050       [1]    R0
0x0051       [1]    R1
0x0052       [1]    R2
0x0053       [1]    R3
0x0054       [1]    R4
0x0055       [1]    R5
0x0056       [1]    R6
0x0057       [1]    R7
0x0058       [1]    R8
0x0059       [1]    R9
0x005A       [1]    R10
0x005B       [1]    R11
0x005C       [1]    R12
0x005D       [1]    R13
0x005E       [1]    R14
0x005F       [1]    R15
0x0085       [0]    TRISIO5_bit
0x0085       [0]    TRISIO4_bit
0x009F       [1]    ANSEL
